ncvlog: 08.20-s015: (c) Copyright 1995-2009 Cadence Design Systems, Inc.
TOOL:	ncvlog	08.20-s015: Started on Feb 02, 2016 at 23:53:31 EST
ncvlog
    -SV
    -linedebug
    -messages
    -incdir src
    src/exception_unit.v
    src/mips_core.v
    src/mips_decode.v
    src/mips_mem.v
    src/regfile.v
    src/syscall_unit.v
    src/testbench.v
    src/mips_core.sv

file: src/exception_unit.v
	module worklib.exception_unit
		errors: 0, warnings: 0
file: src/mips_core.v
	module worklib.mips_core
		errors: 0, warnings: 0
	module worklib.mips_ALU
		errors: 0, warnings: 0
	module worklib.register
		errors: 0, warnings: 0
	module worklib.adder
		errors: 0, warnings: 0
	module worklib.add_const
		errors: 0, warnings: 0
file: src/mips_decode.v
         case(dcd_rt):
                     |
ncvlog: *E,ILLPRI (src/mips_decode.v,104|21): illegal expression primary [4.2(IEEE)].
           `OP1_BGEZ:
                   |
ncvlog: *E,NOTSTT (src/mips_decode.v,106|19): expecting a statement [9(IEEE)].
(`define macro: OP1_BGEZ [src/mips_defines.vh line 139], file: src/mips_decode.v line 106)
           `OP1_BLTZAL:
                     |
ncvlog: *E,NOTSTT (src/mips_decode.v,107|21): expecting a statement [9(IEEE)].
(`define macro: OP1_BLTZAL [src/mips_defines.vh line 140], file: src/mips_decode.v line 107)
           `OP1_BGEZAL:
                     |
ncvlog: *E,NOTSTT (src/mips_decode.v,108|21): expecting a statement [9(IEEE)].
(`define macro: OP1_BGEZAL [src/mips_defines.vh line 141], file: src/mips_decode.v line 108)
           default:
                 |
ncvlog: *E,NOTSTT (src/mips_decode.v,109|17): expecting a statement [9(IEEE)].
         endcase
               |
ncvlog: *E,NOTSTT (src/mips_decode.v,110|15): expecting a statement [9(IEEE)].
       `OP_JAL:
             |
ncvlog: *E,NOTSTT (src/mips_decode.v,113|13): expecting a statement [9(IEEE)].
(`define macro: OP_JAL [src/mips_defines.vh line 79], file: src/mips_decode.v line 113)
       `OP_BEQ:
             |
ncvlog: *E,NOTSTT (src/mips_decode.v,114|13): expecting a statement [9(IEEE)].
(`define macro: OP_BEQ [src/mips_defines.vh line 80], file: src/mips_decode.v line 114)
       `OP_BNE:
             |
ncvlog: *E,NOTSTT (src/mips_decode.v,115|13): expecting a statement [9(IEEE)].
(`define macro: OP_BNE [src/mips_defines.vh line 81], file: src/mips_decode.v line 115)
       `OP_BLEZ:
              |
ncvlog: *E,NOTSTT (src/mips_decode.v,116|14): expecting a statement [9(IEEE)].
(`define macro: OP_BLEZ [src/mips_defines.vh line 82], file: src/mips_decode.v line 116)
       `OP_BGTZ:
              |
ncvlog: *E,NOTSTT (src/mips_decode.v,117|14): expecting a statement [9(IEEE)].
(`define macro: OP_BGTZ [src/mips_defines.vh line 83], file: src/mips_decode.v line 117)
       `OP_ADDI:
              |
ncvlog: *E,NOTSTT (src/mips_decode.v,118|14): expecting a statement [9(IEEE)].
(`define macro: OP_ADDI [src/mips_defines.vh line 84], file: src/mips_decode.v line 118)
       `OP_ADDIU:
               |
ncvlog: *E,NOTSTT (src/mips_decode.v,119|15): expecting a statement [9(IEEE)].
(`define macro: OP_ADDIU [src/mips_defines.vh line 85], file: src/mips_decode.v line 119)
       `OP_SLTIU:
               |
ncvlog: *E,NOTSTT (src/mips_decode.v,125|15): expecting a statement [9(IEEE)].
(`define macro: OP_SLTIU [src/mips_defines.vh line 87], file: src/mips_decode.v line 125)
       `OP_ANDI:
              |
ncvlog: *E,NOTSTT (src/mips_decode.v,126|14): expecting a statement [9(IEEE)].
(`define macro: OP_ANDI [src/mips_defines.vh line 88], file: src/mips_decode.v line 126)
       `OP_ORI:
             |
ncvlog: *E,NOTSTT (src/mips_decode.v,127|13): expecting a statement [9(IEEE)].
(`define macro: OP_ORI [src/mips_defines.vh line 89], file: src/mips_decode.v line 127)
       `OP_XORI:
              |
ncvlog: *E,NOTSTT (src/mips_decode.v,128|14): expecting a statement [9(IEEE)].
(`define macro: OP_XORI [src/mips_defines.vh line 90], file: src/mips_decode.v line 128)
       `OP_LUI:
             |
ncvlog: *E,NOTSTT (src/mips_decode.v,129|13): expecting a statement [9(IEEE)].
(`define macro: OP_LUI [src/mips_defines.vh line 91], file: src/mips_decode.v line 129)
       `OP_LB:
            |
ncvlog: *E,NOTSTT (src/mips_decode.v,130|12): expecting a statement [9(IEEE)].
(`define macro: OP_LB [src/mips_defines.vh line 96], file: src/mips_decode.v line 130)
       `OP_LH:
            |
ncvlog: *E,NOTSTT (src/mips_decode.v,131|12): expecting a statement [9(IEEE)].
(`define macro: OP_LH [src/mips_defines.vh line 97], file: src/mips_decode.v line 131)
       `OP_LW:
            |
ncvlog: *E,NOTSTT (src/mips_decode.v,132|12): expecting a statement [9(IEEE)].
(`define macro: OP_LW [src/mips_defines.vh line 99], file: src/mips_decode.v line 132)
       `OP_LBU:
             |
ncvlog: *E,NOTSTT (src/mips_decode.v,133|13): expecting a statement [9(IEEE)].
(`define macro: OP_LBU [src/mips_defines.vh line 100], file: src/mips_decode.v line 133)
       `OP_LHU:
             |
ncvlog: *E,NOTSTT (src/mips_decode.v,134|13): expecting a statement [9(IEEE)].
(`define macro: OP_LHU [src/mips_defines.vh line 101], file: src/mips_decode.v line 134)
       `OP_SB:
            |
ncvlog: *E,NOTSTT (src/mips_decode.v,135|12): expecting a statement [9(IEEE)].
(`define macro: OP_SB [src/mips_defines.vh line 103], file: src/mips_decode.v line 135)
       `OP_SH:
            |
ncvlog: *E,NOTSTT (src/mips_decode.v,136|12): expecting a statement [9(IEEE)].
(`define macro: OP_SH [src/mips_defines.vh line 104], file: src/mips_decode.v line 136)
       `OP_SW:
            |
ncvlog: *E,NOTSTT (src/mips_decode.v,137|12): expecting a statement [9(IEEE)].
(`define macro: OP_SW [src/mips_defines.vh line 106], file: src/mips_decode.v line 137)
       default:
             |
ncvlog: *E,NOTSTT (src/mips_decode.v,138|13): expecting a statement [9(IEEE)].
	module worklib.mips_decode
		errors: 27, warnings: 0
file: src/mips_mem.v
	module worklib.mips_mem
		errors: 0, warnings: 0
file: src/regfile.v
	module worklib.regfile
		errors: 0, warnings: 0
file: src/syscall_unit.v
	module worklib.syscall_unit
		errors: 0, warnings: 0
file: src/testbench.v
	module worklib.testbench
		errors: 0, warnings: 0
	module worklib.clock
		errors: 0, warnings: 0
file: src/mips_core.sv
module mips_core(/*AUTOARG*/
               |
ncvlog: *W,RECOMP (src/mips_core.sv,63|15): recompiling design unit worklib.mips_core.
	First compiled from line 63 of src/mips_core.v.
	module worklib.mips_core
		errors: 0, warnings: 1
module mips_ALU(alu__out, alu__op1, alu__op2, alu__sel);
              |
ncvlog: *W,RECOMP (src/mips_core.sv,247|14): recompiling design unit worklib.mips_ALU.
	First compiled from line 234 of src/mips_core.v.
	module worklib.mips_ALU
		errors: 0, warnings: 1
module register(q, d, clk, enable, rst_b);
              |
ncvlog: *W,RECOMP (src/mips_core.sv,266|14): recompiling design unit worklib.register.
	First compiled from line 253 of src/mips_core.v.
	module worklib.register
		errors: 0, warnings: 1
module adder(out, in1, in2, sub);
           |
ncvlog: *W,RECOMP (src/mips_core.sv,294|11): recompiling design unit worklib.adder.
	First compiled from line 281 of src/mips_core.v.
	module worklib.adder
		errors: 0, warnings: 1
module add_const(out, in);
               |
ncvlog: *W,RECOMP (src/mips_core.sv,310|15): recompiling design unit worklib.add_const.
	First compiled from line 297 of src/mips_core.v.
	module worklib.add_const
		errors: 0, warnings: 1
	module worklib.mux
		errors: 0, warnings: 0
TOOL:	ncvlog	08.20-s015: Exiting on Feb 02, 2016 at 23:53:31 EST  (total: 00:00:00)
