ncelab: 08.20-s015: (c) Copyright 1995-2009 Cadence Design Systems, Inc.
TOOL:	ncelab	08.20-s015: Started on Feb 02, 2016 at 15:36:07 EST
ncelab
    +access+rwc
    -messages
    worklib.testbench

	Elaborating the design hierarchy:
		Caching library 'worklib' ....... Done
	Building instance overlay tables: .................... Done
	Generating native compiled code:
		worklib.add_const:module <0x43eb7ce6>
			streams:   1, words:   125
		worklib.adder:module <0x7cc9e3e9>
			streams:   1, words:   352
		worklib.clock:module <0x6ce21b37>
			streams:   2, words:   699
		worklib.concat:module <0x13586d7f>
			streams:   1, words:   281
		worklib.exception_unit:module <0x4ecc7789>
			streams:   6, words:  5958
		worklib.mips_core:module <0x103db0ef>
			streams:  46, words:  9305
		worklib.mips_decode:module <0x189d8126>
			streams:   1, words:  1485
		worklib.mips_mem:module <0x4425a300>
			streams:  92, words: 43999
		worklib.mux2to1:module <0x1370b10f>
			streams:   1, words:   347
		worklib.mux2to1:module <0x6d764ce8>
			streams:   1, words:   362
		worklib.mux4to1:module <0x28f4b357>
			streams:   1, words:   761
		worklib.regfile:module <0x26336377>
			streams:   6, words:  6354
		worklib.register:module <0x08c894ef>
			streams:   3, words:   734
		worklib.register:module <0x11ad4c35>
			streams:   3, words:   716
		worklib.register:module <0x3e356bf7>
			streams:   3, words:   716
		worklib.register:module <0x3e82b362>
			streams:   3, words:   714
		worklib.syscall_unit:module <0x7fd85f55>
			streams:   2, words:   743
		worklib.testbench:module <0x14077fa9>
			streams:   8, words:  1861
	Loading native compiled code:     .................... Done
	Building instance specific data structures.
	Design hierarchy summary:
		              Instances  Unique
		Modules:             24      15
		Resolved nets:        2       1
		Registers:           36      28
		Scalar wires:        37       -
		Expanded wires:       4       1
		Vectored wires:      60       -
		Named events:         2       2
		Always blocks:       20      15
		Initial blocks:       3       3
		Cont. assignments:   44      40
		Pseudo assignments:  24      24
	Writing initial simulation snapshot: worklib.testbench:module
TOOL:	ncelab	08.20-s015: Exiting on Feb 02, 2016 at 15:36:07 EST  (total: 00:00:00)
