ncelab: 08.20-s015: (c) Copyright 1995-2009 Cadence Design Systems, Inc.
TOOL:	ncelab	08.20-s015: Started on Apr 06, 2016 at 01:14:08 EDT
ncelab
    +access+rwc
    -messages
    worklib.testbench

	Elaborating the design hierarchy:
		Caching library 'worklib' ....... Done
   mux4to1 fwdrs(instruc_1.rs_fwd, instruc_1.rs_data_EX, instruc_1.alu__out_MEM, instruc_1.wr_dataMem, , instruc_1.fwd_rs_sel_EX);
                                                                                                                               |
ncelab: *E,CUVHNF (./src/mips_core.sv,676|127): Hierarchical name component lookup failed at 'instruc_1'.
   mux4to1 fwdrt(instruc_1.rt_fwd, instruc_1.rt_data_EX, instruc_1.alu__out_MEM, instruc_1.wr_dataMem, , instruc_1.fwd_rt_sel_EX);
                                                                                                                               |
ncelab: *E,CUVHNF (./src/mips_core.sv,677|127): Hierarchical name component lookup failed at 'instruc_1'.
   assign instruc_1.mem_addr = instruc_1.alu__out_MEM[31:2]; //memory address to read/write
                           |
ncelab: *E,CUVHNF (./src/mips_core.sv,683|27): Hierarchical name component lookup failed at 'instruc_1'.
   assign instruc_1.mem_data_in = instruc_1.store_data; //data to store 
                              |
ncelab: *E,CUVHNF (./src/mips_core.sv,685|30): Hierarchical name component lookup failed at 'instruc_1'.
   mux4to1 fwdrs_2(instruc_2.rs_fwd, instruc_2.rs_data_EX, instruc_2.alu__out_MEM, instruc_2.wr_dataMem, , instruc_2.fwd_rs_sel_EX);
                                                                                                                                 |
ncelab: *E,CUVHNF (./src/mips_core.sv,709|129): Hierarchical name component lookup failed at 'instruc_2'.
   mux4to1 fwdrt_2(instruc_2.rt_fwd, instruc_2.rt_data_EX, instruc_2.alu__out_MEM, instruc_2.wr_dataMem, , instruc_2.fwd_rt_sel_EX);
                                                                                                                                 |
ncelab: *E,CUVHNF (./src/mips_core.sv,710|129): Hierarchical name component lookup failed at 'instruc_2'.
   assign instruc_2.mem_addr = instruc_2.alu__out_MEM[31:2]; //memory address to read/write
                           |
ncelab: *E,CUVHNF (./src/mips_core.sv,715|27): Hierarchical name component lookup failed at 'instruc_2'.
   assign instruc_2.mem_data_in = instruc_2.store_data; //data to store
                              |
ncelab: *E,CUVHNF (./src/mips_core.sv,716|30): Hierarchical name component lookup failed at 'instruc_2'.
   mips_ALU ALU2(.alu__out(instruc_2.alu__out_2),
                                              |
ncelab: *E,CUVHNF (./src/mips_core.sv,729|46): Hierarchical name component lookup failed at 'instruc_2'.
TOOL:	ncelab	08.20-s015: Exiting on Apr 06, 2016 at 01:14:08 EDT  (total: 00:00:00)
