ncsim: 08.20-s015: (c) Copyright 1995-2009 Cadence Design Systems, Inc.
ncsim> database -open -shm -default waveforms
Created default SHM database waveforms
ncsim> probe -shm -create -depth all -all 
Created probe 1
ncsim> run 
=== Simulation Cycle                  150 ===
[pc=00400000, inst=3403ffff] [op=0d, rs= 0, rt= 3, rd=31, imm=ffff, f2=3f] [reset=0, halted=0]
Store address:          0,      16383, Store word:          0, ALUOUT:      65535, en:  0
HI:          0, LO:          0

=== Simulation Cycle                  250 ===
[pc=00400004, inst=00032400] [op=00, rs= 0, rt= 3, rd= 4, imm=2400, f2=00] [reset=0, halted=0]
Store address:      65535, 1073725440, Store word:      65535, ALUOUT: 4294901760, en:  0
HI:          0, LO:          0

=== Simulation Cycle                  350 ===
[pc=00400008, inst=00032980] [op=00, rs= 0, rt= 3, rd= 5, imm=2980, f2=00] [reset=0, halted=0]
Store address:      65535,    1048560, Store word:      65535, ALUOUT:    4194240, en:  0
HI:          0, LO:          0

=== Simulation Cycle                  450 ===
[pc=0040000c, inst=00043283] [op=00, rs= 0, rt= 4, rd= 6, imm=3283, f2=03] [reset=0, halted=0]
Store address: 4294901760, 1073741808, Store word: 4294901760, ALUOUT: 4294967232, en:  0
HI:          0, LO:          0

=== Simulation Cycle                  550 ===
[pc=00400010, inst=00053c03] [op=00, rs= 0, rt= 5, rd= 7, imm=3c03, f2=03] [reset=0, halted=0]
Store address:    4194240,         15, Store word:    4194240, ALUOUT:         63, en:  0
HI:          0, LO:          0

=== Simulation Cycle                  650 ===
[pc=00400014, inst=00044202] [op=00, rs= 0, rt= 4, rd= 8, imm=4202, f2=02] [reset=0, halted=0]
Store address: 4294901760,    4194240, Store word: 4294901760, ALUOUT:   16776960, en:  0
HI:          0, LO:          0

=== Simulation Cycle                  750 ===
[pc=00400018, inst=00054c02] [op=00, rs= 0, rt= 5, rd= 9, imm=4c02, f2=02] [reset=0, halted=0]
Store address:    4194240,         15, Store word:    4194240, ALUOUT:         63, en:  0
HI:          0, LO:          0

=== Simulation Cycle                  850 ===
[pc=0040001c, inst=01200011] [op=00, rs= 9, rt= 0, rd= 0, imm=0011, f2=11] [reset=0, halted=0]
Store address:          0,          0, Store word:          0, ALUOUT:          0, en:  0
HI:          0, LO:          0

=== Simulation Cycle                  950 ===
[pc=00400020, inst=2402000a] [op=09, rs= 0, rt= 2, rd= 0, imm=000a, f2=0a] [reset=0, halted=0]
Store address:          0,          2, Store word:          0, ALUOUT:         10, en:  0
HI:          9, LO:          0

[End of program at 0x00400024]
=== Simulation Cycle                 1050 ===
[pc=00400024, inst=0000000c] [op=00, rs= 0, rt= 0, rd= 0, imm=000c, f2=0c] [reset=0, halted=0]
Store address:          0,          0, Store word:          0, ALUOUT:          0, en:  0
HI:          9, LO:          0

--- 18-447 Register file dump ---
=== Simulation Cycle                 1050 ===
R          0	= 0x00000000	( 0 )
R          1	= 0x00000000	( 0 )
R          2	= 0x0000000a	( 10 )
R          3	= 0x0000ffff	( 65535 )
R          4	= 0xffff0000	( 4294901760 )
R          5	= 0x003fffc0	( 4194240 )
R          6	= 0xffffffc0	( 4294967232 )
R          7	= 0x0000003f	( 63 )
R          8	= 0x00ffff00	( 16776960 )
R          9	= 0x0000003f	( 63 )
R         10	= 0x00000000	( 0 )
R         11	= 0x00000000	( 0 )
R         12	= 0x00000000	( 0 )
R         13	= 0x00000000	( 0 )
R         14	= 0x00000000	( 0 )
R         15	= 0x00000000	( 0 )
R         16	= 0x00000000	( 0 )
R         17	= 0x00000000	( 0 )
R         18	= 0x00000000	( 0 )
R         19	= 0x00000000	( 0 )
R         20	= 0x00000000	( 0 )
R         21	= 0x00000000	( 0 )
R         22	= 0x00000000	( 0 )
R         23	= 0x00000000	( 0 )
R         24	= 0x00000000	( 0 )
R         25	= 0x00000000	( 0 )
R         26	= 0x00000000	( 0 )
R         27	= 0x00000000	( 0 )
R         28	= 0x00000000	( 0 )
R         29	= 0x00000000	( 0 )
R         30	= 0x00000000	( 0 )
R         31	= 0x00000000	( 0 )
--- End register file dump ---
Simulation complete via $finish(1) at time 1050 NS + 4
./src/testbench.v:85 	  $finish;
ncsim> exit 
