ncelab: 08.20-s015: (c) Copyright 1995-2009 Cadence Design Systems, Inc.
TOOL:	ncelab	08.20-s015: Started on Apr 06, 2016 at 01:02:46 EDT
ncelab
    +access+rwc
    -messages
    worklib.testbench

	Elaborating the design hierarchy:
		Caching library 'worklib' ....... Done
          .pcMuxSel        (instruc_1.pcMuxSel),
                                             |
ncelab: *E,CUVHNF (./src/mips_core.sv,334|45): Hierarchical name component lookup failed at 'instruc_1'.
          .pcMuxSel        (instruc_2.pcMuxSel),
                                             |
ncelab: *E,CUVHNF (./src/mips_core.sv,360|45): Hierarchical name component lookup failed at 'instruc_2'.
   register rtMEM_1(instruc_1.rt_data_MEM, instruc_1.rt_fwd, clk, instruc_1.MEMen, rst_b);
                                                          |
ncelab: *E,CUVHNF (./src/mips_core.sv,497|58): Hierarchical name component lookup failed at 'instruc_1'.
   register rtMEM_2(instruc_2.rt_data_MEM, instruc_2.rt_fwd, clk, instruc_2.MEMen, rst_b);
                                                          |
ncelab: *E,CUVHNF (./src/mips_core.sv,525|58): Hierarchical name component lookup failed at 'instruc_2'.
   register2Input #(32,0) hiReg(hi_out, instruct_1.rs_fwd, instruct_2.rs_fwd, clk, {instruct_1.hi_en_EX, instruct_2.hi_en_EX}, rst_b);
                                                        |
ncelab: *E,CUVHNF (./src/mips_core.sv,643|56): Hierarchical name component lookup failed at 'instruct_1'.
   register2Input #(32,0) hiReg(hi_out, instruct_1.rs_fwd, instruct_2.rs_fwd, clk, {instruct_1.hi_en_EX, instruct_2.hi_en_EX}, rst_b);
                                                                           |
ncelab: *E,CUVHNF (./src/mips_core.sv,643|75): Hierarchical name component lookup failed at 'instruct_2'.
   register2Input #(32,0) hiReg(hi_out, instruct_1.rs_fwd, instruct_2.rs_fwd, clk, {instruct_1.hi_en_EX, instruct_2.hi_en_EX}, rst_b);
                                                                                                      |
ncelab: *E,CUVHNF (./src/mips_core.sv,643|102): Hierarchical name component lookup failed at 'instruct_1'.
   register2Input #(32,0) hiReg(hi_out, instruct_1.rs_fwd, instruct_2.rs_fwd, clk, {instruct_1.hi_en_EX, instruct_2.hi_en_EX}, rst_b);
                                                                                                                           |
ncelab: *E,CUVHNF (./src/mips_core.sv,643|123): Hierarchical name component lookup failed at 'instruct_2'.
   register2Input #(32,0) loReg(lo_out, instruct_1.rs_fwd, instruct_2.rs_fwd, clk, {instruct_1.lo_en_EX, instruct_2.lo_en_EX}, rst_b);
                                                                                                      |
ncelab: *E,CUVHNF (./src/mips_core.sv,644|102): Hierarchical name component lookup failed at 'instruct_1'.
   register2Input #(32,0) loReg(lo_out, instruct_1.rs_fwd, instruct_2.rs_fwd, clk, {instruct_1.lo_en_EX, instruct_2.lo_en_EX}, rst_b);
                                                                                                                           |
ncelab: *E,CUVHNF (./src/mips_core.sv,644|123): Hierarchical name component lookup failed at 'instruct_2'.
                   instruc_1.fwd_rs_sel, instruc_1.fwd_rt_sel, instruc_2.fwd_rs_sel, instruc_2.fwd_rt_sel);
                                      |
ncelab: *E,CUVHNF (./src/mips_core.sv,649|38): Hierarchical name component lookup failed at 'instruc_1'.
                   instruc_1.fwd_rs_sel, instruc_1.fwd_rt_sel, instruc_2.fwd_rs_sel, instruc_2.fwd_rt_sel);
                                                            |
ncelab: *E,CUVHNF (./src/mips_core.sv,649|60): Hierarchical name component lookup failed at 'instruc_1'.
                   instruc_1.fwd_rs_sel, instruc_1.fwd_rt_sel, instruc_2.fwd_rs_sel, instruc_2.fwd_rt_sel);
                                                                                  |
ncelab: *E,CUVHNF (./src/mips_core.sv,649|82): Hierarchical name component lookup failed at 'instruc_2'.
                   instruc_1.fwd_rs_sel, instruc_1.fwd_rt_sel, instruc_2.fwd_rs_sel, instruc_2.fwd_rt_sel);
                                                                                                        |
ncelab: *E,CUVHNF (./src/mips_core.sv,649|104): Hierarchical name component lookup failed at 'instruc_2'.
   mux2to1 aluSrc1(instruc_1.alu_in1, instruc_1.rs_fwd, instruc_1.rt_fwd, instruc_1.alusrc1_EX); //ALUSrc1
                                                     |
ncelab: *E,CUVHNF (./src/mips_core.sv,667|53): Hierarchical name component lookup failed at 'instruc_1'.
   mux4to1 fwdrs(instruc_1.rs_fwd, instruc_1.rs_data_EX, instruc_1.alu__out_MEM, instruc_1.wr_dataMem, , instruc_1.fwd_rs_sel_EX);
                                                                                                                               |
ncelab: *E,CUVHNF (./src/mips_core.sv,673|127): Hierarchical name component lookup failed at 'instruc_1'.
   mux4to1 fwdrt(instruc_1.rt_fwd, instruc_1.rt_data_EX, instruc_1.alu__out_MEM, instruc_1.wr_dataMem, , instruc_1.fwd_rt_sel_EX);
                                                                                                                               |
ncelab: *E,CUVHNF (./src/mips_core.sv,674|127): Hierarchical name component lookup failed at 'instruc_1'.
   assign instruc_1.mem_addr = instruc_1.alu__out_MEM[31:2]; //memory address to read/write
                           |
ncelab: *E,CUVHNF (./src/mips_core.sv,680|27): Hierarchical name component lookup failed at 'instruc_1'.
   assign instruc_1.mem_data_in = instruc_1.store_data; //data to store 
                              |
ncelab: *E,CUVHNF (./src/mips_core.sv,682|30): Hierarchical name component lookup failed at 'instruc_1'.
   mux2to1 aluSrc1_2(instruc_2.alu_in1, instruc_2.rs_fwd, instruc_2.rt_fwd, instruc_2.alusrc1_EX); //ALUSrc1
                                                       |
ncelab: *E,CUVHNF (./src/mips_core.sv,700|55): Hierarchical name component lookup failed at 'instruc_2'.
   mux4to1 fwdrs_2(instruc_2.rs_fwd, instruc_2.rs_data_EX, instruc_2.alu__out_MEM, instruc_2.wr_dataMem, , instruc_2.fwd_rs_sel_EX);
                                                                                                                                 |
ncelab: *E,CUVHNF (./src/mips_core.sv,706|129): Hierarchical name component lookup failed at 'instruc_2'.
   mux4to1 fwdrt_2(instruc_2.rt_fwd, instruc_2.rt_data_EX, instruc_2.alu__out_MEM, instruc_2.wr_dataMem, , instruc_2.fwd_rt_sel_EX);
                                                                                                                                 |
ncelab: *E,CUVHNF (./src/mips_core.sv,707|129): Hierarchical name component lookup failed at 'instruc_2'.
   assign instruc_2.mem_addr = instruc_2.alu__out_MEM[31:2]; //memory address to read/write
                           |
ncelab: *E,CUVHNF (./src/mips_core.sv,712|27): Hierarchical name component lookup failed at 'instruc_2'.
   assign instruc_2.mem_data_in = instruc_2.store_data; //data to store
                              |
ncelab: *E,CUVHNF (./src/mips_core.sv,713|30): Hierarchical name component lookup failed at 'instruc_2'.
   mips_ALU ALU2(.alu__out(instruc_2.alu__out_2),
                                              |
ncelab: *E,CUVHNF (./src/mips_core.sv,726|46): Hierarchical name component lookup failed at 'instruc_2'.
TOOL:	ncelab	08.20-s015: Exiting on Apr 06, 2016 at 01:02:46 EDT  (total: 00:00:00)
