ncvlog: 08.20-s015: (c) Copyright 1995-2009 Cadence Design Systems, Inc.
TOOL:	ncvlog	08.20-s015: Started on Feb 02, 2016 at 23:57:11 EST
ncvlog
    -SV
    -linedebug
    -messages
    -incdir src
    src/exception_unit.v
    src/mips_core.v
    src/mips_decode.v
    src/mips_mem.v
    src/regfile.v
    src/syscall_unit.v
    src/testbench.v
    src/mips_core.sv

file: src/exception_unit.v
	module worklib.exception_unit
		errors: 0, warnings: 0
file: src/mips_core.v
	module worklib.mips_core
		errors: 0, warnings: 0
	module worklib.mips_ALU
		errors: 0, warnings: 0
	module worklib.register
		errors: 0, warnings: 0
	module worklib.adder
		errors: 0, warnings: 0
	module worklib.add_const
		errors: 0, warnings: 0
file: src/mips_decode.v
	module worklib.mips_decode
		errors: 0, warnings: 0
file: src/mips_mem.v
	module worklib.mips_mem
		errors: 0, warnings: 0
file: src/regfile.v
	module worklib.regfile
		errors: 0, warnings: 0
file: src/syscall_unit.v
	module worklib.syscall_unit
		errors: 0, warnings: 0
file: src/testbench.v
	module worklib.testbench
		errors: 0, warnings: 0
	module worklib.clock
		errors: 0, warnings: 0
file: src/mips_core.sv
module mips_core(/*AUTOARG*/
               |
ncvlog: *W,RECOMP (src/mips_core.sv,63|15): recompiling design unit worklib.mips_core.
	First compiled from line 63 of src/mips_core.v.
	module worklib.mips_core
		errors: 0, warnings: 1
module mips_ALU(alu__out, alu__op1, alu__op2, alu__sel);
              |
ncvlog: *W,RECOMP (src/mips_core.sv,267|14): recompiling design unit worklib.mips_ALU.
	First compiled from line 234 of src/mips_core.v.
	module worklib.mips_ALU
		errors: 0, warnings: 1
module register(q, d, clk, enable, rst_b);
              |
ncvlog: *W,RECOMP (src/mips_core.sv,286|14): recompiling design unit worklib.register.
	First compiled from line 253 of src/mips_core.v.
	module worklib.register
		errors: 0, warnings: 1
module adder(out, in1, in2, sub);
           |
ncvlog: *W,RECOMP (src/mips_core.sv,314|11): recompiling design unit worklib.adder.
	First compiled from line 281 of src/mips_core.v.
	module worklib.adder
		errors: 0, warnings: 1
module add_const(out, in);
               |
ncvlog: *W,RECOMP (src/mips_core.sv,330|15): recompiling design unit worklib.add_const.
	First compiled from line 297 of src/mips_core.v.
	module worklib.add_const
		errors: 0, warnings: 1
	module worklib.mux2to1
		errors: 0, warnings: 0
=======
  |
ncvlog: *E,MPANDC (src/mips_core.sv,389|2): expecting the keyword 'module', 'macromodule', 'primitive', 'connectmodule','connect', 'discipline' or 'nature' [A.1].
	module worklib.mux4to1
		errors: 0, warnings: 0
	module worklib.concat
		errors: 0, warnings: 0
	Total errors/warnings found outside modules and primitives:
		errors: 1, warnings: 0
TOOL:	ncvlog	08.20-s015: Exiting on Feb 02, 2016 at 23:57:11 EST  (total: 00:00:00)
