ncvlog: 08.20-s015: (c) Copyright 1995-2009 Cadence Design Systems, Inc.
TOOL:	ncvlog	08.20-s015: Started on Feb 04, 2016 at 06:46:05 EST
ncvlog
    -SV
    -linedebug
    -messages
    -incdir src
    src/exception_unit.v
    src/mips_mem.v
    src/regfile.v
    src/syscall_unit.v
    src/testbench.v
    src/mips_core.sv
    src/mips_decode.sv

file: src/exception_unit.v
	module worklib.exception_unit
		errors: 0, warnings: 0
file: src/mips_mem.v
	module worklib.mips_mem
		errors: 0, warnings: 0
file: src/regfile.v
	module worklib.regfile
		errors: 0, warnings: 0
file: src/syscall_unit.v
	module worklib.syscall_unit
		errors: 0, warnings: 0
file: src/testbench.v
	module worklib.testbench
		errors: 0, warnings: 0
	module worklib.clock
		errors: 0, warnings: 0
file: src/mips_core.sv
	module worklib.mips_core
		errors: 0, warnings: 0
      `ALU_ADDR:
              |
ncvlog: *E,NOTDIR (src/mips_core.sv,348|14): `ALU_ADDR: not a recognized directive or macro [2.7.3][16.3.1][16(IEEE)].
      `ALU_ADDR:
               |
ncvlog: *E,ILLPRI (src/mips_core.sv,348|15): illegal expression primary [4.2(IEEE)].
        alu__out = alu__op1+alu__op2;
                 |
ncvlog: *E,CSISYX (src/mips_core.sv,349|17): case item syntax error [9.5(IEEE)].
        alu__out = alu__op1+alu__op2;
                           |
ncvlog: *E,MISEXX (src/mips_core.sv,349|27): expecting an '=' or '<=' sign in an assignment [9.2(IEEE)].
    endcase
          |
ncvlog: *E,NOTSTT (src/mips_core.sv,351|10): expecting a statement [9(IEEE)].
	module worklib.mips_ALU
		errors: 5, warnings: 0
	module worklib.register
		errors: 0, warnings: 0
	module worklib.adder
		errors: 0, warnings: 0
	module worklib.add_const
		errors: 0, warnings: 0
	module worklib.mux2to1
		errors: 0, warnings: 0
	module worklib.mux4to1
		errors: 0, warnings: 0
	module worklib.concat
		errors: 0, warnings: 0
	module worklib.loader
		errors: 0, warnings: 0
        `ST_SB:
             |
ncvlog: *E,NOTDIR (src/mips_core.sv,528|13): `ST_SB: not a recognized directive or macro [2.7.3][16.3.1][16(IEEE)].
        `ST_SB:
              |
ncvlog: *E,ILLPRI (src/mips_core.sv,528|14): illegal expression primary [4.2(IEEE)].
          store_data = {rt_data[7:0], 24'b0};
                     |
ncvlog: *E,CSISYX (src/mips_core.sv,529|21): case item syntax error [9.5(IEEE)].
          store_data = {rt_data[7:0], 24'b0};
                                       |
ncvlog: *E,NOTLVL (src/mips_core.sv,529|39): illegal lvalue syntax [9.2(IEEE)].
          store_data = {rt_data[7:0], 24'b0};
                                            |
ncvlog: *E,MISEXX (src/mips_core.sv,529|44): expecting an '=' or '<=' sign in an assignment [9.2(IEEE)].
        `ST_SH:
             |
ncvlog: *E,NOTDIR (src/mips_core.sv,530|13): `ST_SH: not a recognized directive or macro [2.7.3][16.3.1][16(IEEE)].
        `ST_SH:
              |
ncvlog: *E,NOTSTT (src/mips_core.sv,530|14): expecting a statement [9(IEEE)].
        `ST_SW:
             |
ncvlog: *E,NOTDIR (src/mips_core.sv,532|13): `ST_SW: not a recognized directive or macro [2.7.3][16.3.1][16(IEEE)].
        `ST_SW:
              |
ncvlog: *E,NOTSTT (src/mips_core.sv,532|14): expecting a statement [9(IEEE)].
        default:
              |
ncvlog: *E,NOTSTT (src/mips_core.sv,534|14): expecting a statement [9(IEEE)].
      endcase
            |
ncvlog: *E,NOTSTT (src/mips_core.sv,536|12): expecting a statement [9(IEEE)].
	module worklib.storer
		errors: 11, warnings: 0
file: src/mips_decode.sv
   ctrl_we, ctrl_Sys, ctrl_RI, alu__sel, regdst, pcMuxSel, jLink_en, memtoreg, aluop, alusrc1, alusrc2, se, mem_write_en, hi_en,lo_en, load_sel, store_sel
                                                                                                                                                         |
ncvlog: *E,ILLPDL (src/mips_decode.sv,68|153): Mixing of ansi & non-ansi style port declaration is not legal.
   input       [5:0] dcd_op, dcd_funct2;
               |
ncvlog: *E,ILLPDL (src/mips_decode.sv,74|15): Mixing of ansi & non-ansi style port declaration is not legal.
   input       [4:0] dcd_rt;
               |
ncvlog: *E,ILLPDL (src/mips_decode.sv,75|15): Mixing of ansi & non-ansi style port declaration is not legal.
   output reg        ctrl_we, ctrl_Sys, ctrl_RI, regdst, jLink_en, aluop, alusrc1, alusrc2, se, hi_en, lo_en;
            |
ncvlog: *E,ILLPDL (src/mips_decode.sv,76|12): Mixing of ansi & non-ansi style port declaration is not legal.
   output reg  [1:0] memtoreg, pcMuxSel;
            |
ncvlog: *E,ILLPDL (src/mips_decode.sv,77|12): Mixing of ansi & non-ansi style port declaration is not legal.
   output reg  [3:0] alu__sel, mem_write_en;
            |
ncvlog: *E,ILLPDL (src/mips_decode.sv,78|12): Mixing of ansi & non-ansi style port declaration is not legal.
   output reg  [2:0] load_sel;
            |
ncvlog: *E,ILLPDL (src/mips_decode.sv,79|12): Mixing of ansi & non-ansi style port declaration is not legal.
   output reg  [1:0] store_sel;
            |
ncvlog: *E,ILLPDL (src/mips_decode.sv,80|12): Mixing of ansi & non-ansi style port declaration is not legal.
           alu__sel = `ALU_ADDR;
                              |
ncvlog: *E,NOTDIR (src/mips_decode.sv,286|30): `ALU_ADDR: not a recognized directive or macro [2.7.3][16.3.1][16(IEEE)].
           alu__sel = `ALU_ADDR;
                               |
ncvlog: *E,ILLPRI (src/mips_decode.sv,286|31): illegal expression primary [4.2(IEEE)].
           alu__sel = `ALU_ADDR;
                              |
ncvlog: *E,NOTDIR (src/mips_decode.sv,294|30): `ALU_ADDR: not a recognized directive or macro [2.7.3][16.3.1][16(IEEE)].
           alu__sel = `ALU_ADDR;
                               |
ncvlog: *E,ILLPRI (src/mips_decode.sv,294|31): illegal expression primary [4.2(IEEE)].
           alu__sel = `ALU_ADDR;
                              |
ncvlog: *E,NOTDIR (src/mips_decode.sv,302|30): `ALU_ADDR: not a recognized directive or macro [2.7.3][16.3.1][16(IEEE)].
           alu__sel = `ALU_ADDR;
                               |
ncvlog: *E,ILLPRI (src/mips_decode.sv,302|31): illegal expression primary [4.2(IEEE)].
           alu__sel = `ALU_ADDR;
                              |
ncvlog: *E,NOTDIR (src/mips_decode.sv,310|30): `ALU_ADDR: not a recognized directive or macro [2.7.3][16.3.1][16(IEEE)].
           alu__sel = `ALU_ADDR;
                               |
ncvlog: *E,ILLPRI (src/mips_decode.sv,310|31): illegal expression primary [4.2(IEEE)].
           alu__sel = `ALU_ADDR;
                              |
ncvlog: *E,NOTDIR (src/mips_decode.sv,318|30): `ALU_ADDR: not a recognized directive or macro [2.7.3][16.3.1][16(IEEE)].
           alu__sel = `ALU_ADDR;
                               |
ncvlog: *E,ILLPRI (src/mips_decode.sv,318|31): illegal expression primary [4.2(IEEE)].
           alu__sel = `ALU_ADDR;
                              |
ncvlog: *E,NOTDIR (src/mips_decode.sv,327|30): `ALU_ADDR: not a recognized directive or macro [2.7.3][16.3.1][16(IEEE)].
           alu__sel = `ALU_ADDR;
                               |
ncvlog: *E,ILLPRI (src/mips_decode.sv,327|31): illegal expression primary [4.2(IEEE)].
           store_sel = `ST_SB;
                            |
ncvlog: *E,NOTDIR (src/mips_decode.sv,331|28): `ST_SB: not a recognized directive or macro [2.7.3][16.3.1][16(IEEE)].
           store_sel = `ST_SB;
                             |
ncvlog: *E,ILLPRI (src/mips_decode.sv,331|29): illegal expression primary [4.2(IEEE)].
           alu__sel = `ALU_ADDR;
                              |
ncvlog: *E,NOTDIR (src/mips_decode.sv,336|30): `ALU_ADDR: not a recognized directive or macro [2.7.3][16.3.1][16(IEEE)].
           alu__sel = `ALU_ADDR;
                               |
ncvlog: *E,ILLPRI (src/mips_decode.sv,336|31): illegal expression primary [4.2(IEEE)].
           store_sel = `ST_SH;
                            |
ncvlog: *E,NOTDIR (src/mips_decode.sv,340|28): `ST_SH: not a recognized directive or macro [2.7.3][16.3.1][16(IEEE)].
           store_sel = `ST_SH;
                             |
ncvlog: *E,ILLPRI (src/mips_decode.sv,340|29): illegal expression primary [4.2(IEEE)].
           alu__sel = `ALU_ADDR;
                              |
ncvlog: *E,NOTDIR (src/mips_decode.sv,345|30): `ALU_ADDR: not a recognized directive or macro [2.7.3][16.3.1][16(IEEE)].
           alu__sel = `ALU_ADDR;
                               |
ncvlog: *E,ILLPRI (src/mips_decode.sv,345|31): illegal expression primary [4.2(IEEE)].
           store_sel = `ST_SW;
                            |
ncvlog: *E,NOTDIR (src/mips_decode.sv,349|28): `ST_SW: not a recognized directive or macro [2.7.3][16.3.1][16(IEEE)].
           store_sel = `ST_SW;
                             |
ncvlog: *E,ILLPRI (src/mips_decode.sv,349|29): illegal expression primary [4.2(IEEE)].
	module worklib.mips_decode
		errors: 30, warnings: 0
TOOL:	ncvlog	08.20-s015: Exiting on Feb 04, 2016 at 06:46:05 EST  (total: 00:00:00)
