ncvlog: 08.20-s015: (c) Copyright 1995-2009 Cadence Design Systems, Inc.
TOOL:	ncvlog	08.20-s015: Started on Feb 03, 2016 at 13:14:55 EST
ncvlog
    -SV
    -linedebug
    -messages
    -incdir src
    src/exception_unit.v
    src/mips_decode.v
    src/mips_mem.v
    src/regfile.v
    src/syscall_unit.v
    src/testbench.v
    src/mips_core.sv

file: src/exception_unit.v
	module worklib.exception_unit
		errors: 0, warnings: 0
file: src/mips_decode.v
	module worklib.mips_decode
		errors: 0, warnings: 0
file: src/mips_mem.v
	module worklib.mips_mem
		errors: 0, warnings: 0
file: src/regfile.v
	module worklib.regfile
		errors: 0, warnings: 0
file: src/syscall_unit.v
	module worklib.syscall_unit
		errors: 0, warnings: 0
file: src/testbench.v
	module worklib.testbench
		errors: 0, warnings: 0
	module worklib.clock
		errors: 0, warnings: 0
file: src/mips_core.sv
	module worklib.mips_core
		errors: 0, warnings: 0
    alu__out <= 0;
           |
ncvlog: *E,WANOTL (src/mips_core.sv,258|11): A net is not a legal lvalue in this context [9.3.1(IEEE)].
        alu__out <= alu__op1+alu__op2;
               |
ncvlog: *E,WANOTL (src/mips_core.sv,261|15): A net is not a legal lvalue in this context [9.3.1(IEEE)].
        alu__out <= alu__op1-alu__op2;
               |
ncvlog: *E,WANOTL (src/mips_core.sv,263|15): A net is not a legal lvalue in this context [9.3.1(IEEE)].
        alu__out <= alu__op1<<alu__op2;
               |
ncvlog: *E,WANOTL (src/mips_core.sv,265|15): A net is not a legal lvalue in this context [9.3.1(IEEE)].
        alu__out <= alu__op1>>alu__op2;
               |
ncvlog: *E,WANOTL (src/mips_core.sv,267|15): A net is not a legal lvalue in this context [9.3.1(IEEE)].
        alu__out <= $signed($signed(alu__op2) >>> alu__op1[4:0]);
               |
ncvlog: *E,WANOTL (src/mips_core.sv,269|15): A net is not a legal lvalue in this context [9.3.1(IEEE)].
        alu__out <= alu__op1<<alu__op2;
               |
ncvlog: *E,WANOTL (src/mips_core.sv,271|15): A net is not a legal lvalue in this context [9.3.1(IEEE)].
        alu__out <= alu__op1>>alu__op2;
               |
ncvlog: *E,WANOTL (src/mips_core.sv,273|15): A net is not a legal lvalue in this context [9.3.1(IEEE)].
	module worklib.mips_ALU
		errors: 8, warnings: 0
	module worklib.register
		errors: 0, warnings: 0
	module worklib.add_const
		errors: 0, warnings: 0
	module worklib.mux2to1
		errors: 0, warnings: 0
	module worklib.mux4to1
		errors: 0, warnings: 0
	module worklib.concat
		errors: 0, warnings: 0
TOOL:	ncvlog	08.20-s015: Exiting on Feb 03, 2016 at 13:14:55 EST  (total: 00:00:00)
