ncsim: 08.20-s015: (c) Copyright 1995-2009 Cadence Design Systems, Inc.
ncsim> database -open -shm -default waveforms
Created default SHM database waveforms
ncsim> probe -shm -create -depth all -all 
Created probe 1
ncsim> run 
[End of program at 0x00400054]
--- 18-447 Register file dump ---
=== Simulation Cycle                 1150 ===
R          0	= 0x00000000	( 0 )
R          1	= 0x00000000	( 0 )
R          2	= 0x0000000a	( 10 )
R          3	= 0x00000000	( 0 )
R          4	= 0x00000000	( 0 )
R          5	= 0x00000001	( 1 )
R          6	= 0x00001337	( 4919 )
R          7	= 0x0000d00d	( 53261 )
R          8	= 0x00000000	( 0 )
R          9	= 0x00000000	( 0 )
R         10	= 0x00000000	( 0 )
R         11	= 0x00000000	( 0 )
R         12	= 0x00000000	( 0 )
R         13	= 0x00000000	( 0 )
R         14	= 0x00000000	( 0 )
R         15	= 0x00000000	( 0 )
R         16	= 0x00000000	( 0 )
R         17	= 0x00000000	( 0 )
R         18	= 0x00000000	( 0 )
R         19	= 0x00000000	( 0 )
R         20	= 0x00000000	( 0 )
R         21	= 0x00000000	( 0 )
R         22	= 0x00000000	( 0 )
R         23	= 0x00000000	( 0 )
R         24	= 0x00000000	( 0 )
R         25	= 0x00000000	( 0 )
R         26	= 0x00000000	( 0 )
R         27	= 0x00000000	( 0 )
R         28	= 0x00000000	( 0 )
R         29	= 0x00000000	( 0 )
R         30	= 0x00000000	( 0 )
R         31	= 0x00000000	( 0 )
--- End register file dump ---
Simulation complete via $finish(1) at time 1150 NS + 4
./src/testbench.v:85 	  $finish;
ncsim> exit 
