ncelab: 08.20-s015: (c) Copyright 1995-2009 Cadence Design Systems, Inc.
TOOL:	ncelab	08.20-s015: Started on Feb 04, 2016 at 13:58:36 EST
ncelab
    +access+rwc
    -messages
    worklib.testbench

	Elaborating the design hierarchy:
		Caching library 'worklib' ....... Done
                .brcond(brcond));
                             |
ncelab: *W,CUVMPW (./src/mips_core.sv,230|29): port sizes differ in port connection.
   mux2to1 #(5) regDest(wr_regNum, dcd_rt, dcd_rd, regdst); //RegDst
                                |
ncelab: *W,CUVMPW (./src/mips_core.sv,287|32): port sizes differ in port connection.
   mux2to1 #(5)regNumber(wr_reg, wr_regNum, 5'd31, jLink_en); //how to define decimal?
                                         |
ncelab: *W,CUVMPW (./src/mips_core.sv,311|41): port sizes differ in port connection.
	Building instance overlay tables: .................... Done
	Generating native compiled code:
		worklib.add_const:module <0x7bda5177>
			streams:   1, words:   202
		worklib.adder:module <0x2eb2b050>
			streams:   1, words:   366
		worklib.clock:module <0x6ce21b37>
			streams:   2, words:   699
		worklib.concat:module <0x13586d7f>
			streams:   1, words:   281
		worklib.exception_unit:module <0x4ecc7789>
			streams:   6, words:  5958
		worklib.loader:module <0x49beda8e>
			streams:   1, words:  1536
		worklib.mips_ALU:module <0x7b97b0b0>
			streams:   1, words:  5472
		worklib.mips_core:module <0x1da7f892>
			streams:  41, words: 13073
		worklib.mips_decode:module <0x52b713aa>
			streams:   1, words: 22832
		worklib.mips_mem:module <0x4425a300>
			streams:  92, words: 43999
		worklib.mux2to1:module <0x01bc6b9d>
			streams:   1, words:   415
		worklib.mux2to1:module <0x1370b10f>
			streams:   1, words:   347
		worklib.mux2to1:module <0x38f96072>
			streams:   1, words:   519
		worklib.mux4to1:module <0x3611bea6>
			streams:   1, words:   753
		worklib.muxSpecial:module <0x30c83742>
			streams:   1, words:   630
		worklib.regfile:module <0x26336377>
			streams:   6, words:  6354
		worklib.register:module <0x08c894ef>
			streams:   3, words:   734
		worklib.register:module <0x11ad4c35>
			streams:   3, words:   716
		worklib.register:module <0x3e356bf7>
			streams:   3, words:   716
		worklib.register:module <0x3e82b362>
			streams:   3, words:   714
		worklib.storer:module <0x6d0f4c94>
			streams:   1, words:   850
		worklib.syscall_unit:module <0x7fd85f55>
			streams:   2, words:   743
		worklib.testbench:module <0x14077fa9>
			streams:   8, words:  1861
	Loading native compiled code:     .................... Done
	Building instance specific data structures.
	Design hierarchy summary:
		              Instances  Unique
		Modules:             31      18
		Registers:           61      48
		Scalar wires:        70       -
		Expanded wires:      13       3
		Vectored wires:      72       -
		Named events:         2       2
		Always blocks:       26      19
		Initial blocks:       3       3
		Cont. assignments:   44      38
		Pseudo assignments:  21      21
	Writing initial simulation snapshot: worklib.testbench:module
TOOL:	ncelab	08.20-s015: Exiting on Feb 04, 2016 at 13:58:36 EST  (total: 00:00:00)
