ncvlog: 08.20-s015: (c) Copyright 1995-2009 Cadence Design Systems, Inc.
TOOL:	ncvlog	08.20-s015: Started on Feb 04, 2016 at 06:22:57 EST
ncvlog
    -SV
    -linedebug
    -messages
    -incdir src
    src/exception_unit.v
    src/mips_mem.v
    src/regfile.v
    src/syscall_unit.v
    src/testbench.v
    src/mips_core.sv
    src/mips_decode.sv

file: src/exception_unit.v
	module worklib.exception_unit
		errors: 0, warnings: 0
file: src/mips_mem.v
	module worklib.mips_mem
		errors: 0, warnings: 0
file: src/regfile.v
	module worklib.regfile
		errors: 0, warnings: 0
file: src/syscall_unit.v
	module worklib.syscall_unit
		errors: 0, warnings: 0
file: src/testbench.v
	module worklib.testbench
		errors: 0, warnings: 0
	module worklib.clock
		errors: 0, warnings: 0
file: src/mips_core.sv
   add_const #(4) NextPCAdder(nextnextpc, nextpc,pcMuxSel);
                                                        |
ncvlog: *E,DUPIMP (src/mips_core.sv,112|56): Identifier 'pcMuxSel', implicitly declared here, first as a wire, is subsequently redeclared.
   wire[1:0] pcMuxSel;
                    |
ncvlog: *E,DUPIDN (src/mips_core.sv,165|20): identifier 'pcMuxSel' previously declared [12.5(IEEE)].
	module worklib.mips_core
		errors: 2, warnings: 0
	module worklib.mips_ALU
		errors: 0, warnings: 0
	module worklib.register
		errors: 0, warnings: 0
	module worklib.adder
		errors: 0, warnings: 0
        out = in + add_value;
          |
ncvlog: *E,WANOTL (src/mips_core.sv,411|10): A net is not a legal lvalue in this context [9.3.1(IEEE)].
        out = in;
          |
ncvlog: *E,WANOTL (src/mips_core.sv,413|10): A net is not a legal lvalue in this context [9.3.1(IEEE)].
	module worklib.add_const
		errors: 2, warnings: 0
	module worklib.mux2to1
		errors: 0, warnings: 0
	module worklib.mux4to1
		errors: 0, warnings: 0
	module worklib.concat
		errors: 0, warnings: 0
	module worklib.loader
		errors: 0, warnings: 0
file: src/mips_decode.sv
	module worklib.mips_decode
		errors: 0, warnings: 0
TOOL:	ncvlog	08.20-s015: Exiting on Feb 04, 2016 at 06:22:57 EST  (total: 00:00:00)
