ncelab: 08.20-s015: (c) Copyright 1995-2009 Cadence Design Systems, Inc.
TOOL:	ncelab	08.20-s015: Started on Feb 04, 2016 at 16:23:55 EST
ncelab
    +access+rwc
    -messages
    worklib.testbench

	Elaborating the design hierarchy:
		Caching library 'worklib' ....... Done
   mux2to1 #(5) regDest(wr_regNum, dcd_rt, dcd_rd, regdst); //RegDst
                                |
ncelab: *W,CUVMPW (./src/mips_core.sv,288|32): port sizes differ in port connection.
   mux2to1 #(31)regNumber(wr_reg, wr_regNum, 5'd31, jLink_en); //how to define decimal?
                               |
ncelab: *W,CUVMPW (./src/mips_core.sv,312|31): port sizes differ in port connection.
   mux2to1 #(31)regNumber(wr_reg, wr_regNum, 5'd31, jLink_en); //how to define decimal?
                                          |
ncelab: *W,CUVMPW (./src/mips_core.sv,312|42): port sizes differ in port connection.
   mux2to1 #(31)regNumber(wr_reg, wr_regNum, 5'd31, jLink_en); //how to define decimal?
                                             |
ncelab: *W,CUVMPW (./src/mips_core.sv,312|45): port sizes differ in port connection.
	Building instance overlay tables: .................... Done
	Generating native compiled code:
		worklib.add_const:module <0x7bda5177>
			streams:   1, words:   202
		worklib.adder:module <0x2eb2b050>
			streams:   1, words:   366
		worklib.clock:module <0x6ce21b37>
			streams:   2, words:   699
		worklib.concat:module <0x13586d7f>
			streams:   1, words:   281
		worklib.exception_unit:module <0x4ecc7789>
			streams:   6, words:  5958
		worklib.loader:module <0x5ddd3f29>
			streams:   2, words:  1853
		worklib.mips_ALU:module <0x4a411622>
			streams:   1, words:  5427
		worklib.mips_core:module <0x755b8cd4>
			streams:  41, words:  6231
		worklib.mips_decode:module <0x52b3809a>
			streams:   1, words: 21633
		worklib.mips_mem:module <0x4425a300>
			streams:  92, words: 43999
		worklib.mux2to1:module <0x006d59fc>
			streams:   1, words:   519
		worklib.mux2to1:module <0x0a01c8ea>
			streams:   1, words:   347
		worklib.mux2to1:module <0x2dbff12a>
			streams:   1, words:   599
		worklib.mux4to1:module <0x0bfe8018>
			streams:   1, words:   753
		worklib.muxSpecial:module <0x7d2495c2>
			streams:   1, words:   630
		worklib.regfile:module <0x5162512b>
			streams:   6, words:  6458
		worklib.register:module <0x08c894ef>
			streams:   3, words:   734
		worklib.register:module <0x11ad4c35>
			streams:   3, words:   716
		worklib.register:module <0x3e356bf7>
			streams:   3, words:   716
		worklib.register:module <0x3e82b362>
			streams:   3, words:   714
		worklib.storer:module <0x1ff1b1c2>
			streams:   1, words:  1751
		worklib.syscall_unit:module <0x7fd85f55>
			streams:   2, words:   743
		worklib.testbench:module <0x14077fa9>
			streams:   8, words:  1861
	Loading native compiled code:     .................... Done
	Building instance specific data structures.
	Design hierarchy summary:
		              Instances  Unique
		Modules:             31      18
		Resolved nets:        0       1
		Registers:           63      50
		Scalar wires:        69       -
		Expanded wires:      72       4
		Vectored wires:      76       -
		Named events:         2       2
		Always blocks:       25      18
		Initial blocks:       3       3
		Cont. assignments:   45      39
		Pseudo assignments:  22      22
	Writing initial simulation snapshot: worklib.testbench:module
TOOL:	ncelab	08.20-s015: Exiting on Feb 04, 2016 at 16:23:55 EST  (total: 00:00:00)
