Loading db file '/afs/ece/class/ece341/setup/Artisan/typical.db'
Information: Propagating switching activity (low effort zero delay simulation). (PWR-6)
Warning: Design has unannotated primary inputs. (PWR-414)
Warning: Design has unannotated sequential cell outputs. (PWR-415)
Warning: Design has unannotated black-box outputs. (PWR-428)
 
****************************************
Report : power
        -analysis_effort low
Design : mips_core
Version: Z-2007.03-SP5
Date   : Fri Feb  5 12:09:10 2016
****************************************


Library(s) Used:

    typical (File: /afs/ece/class/ece341/setup/Artisan/typical.db)


Operating Conditions: typical   Library: typical
Wire Load Model Mode: top


Global Operating Voltage = 1.8  
Power-specific unit information :
    Voltage Units = 1V
    Capacitance Units = 1.000000pf
    Time Units = 1ns
    Dynamic Power Units = 1mW    (derived from V,C,T units)
    Leakage Power Units = 1pW


  Cell Internal Power  =   2.4304 mW   (65%)
  Net Switching Power  =   1.3173 mW   (35%)
                         ---------
Total Dynamic Power    =   3.7477 mW  (100%)

Cell Leakage Power     = 305.4016 nW

1
