/afs/ece.cmu.edu/usr/anamdev/Public/18-447/lab1b/outputs/0205-120820/synth/lab.dc
/afs/ece.cmu.edu/usr/anamdev/Public/18-447/lab1b/outputs/0205-120820/synth/447src/regfile_init.vh
/afs/ece.cmu.edu/usr/anamdev/Public/18-447/lab1b/outputs/0205-120820/synth/src/mips_defines.vh
/afs/ece.cmu.edu/usr/anamdev/Public/18-447/lab1b/outputs/0205-120820/synth/src/internal_defines.vh
/afs/ece.cmu.edu/usr/anamdev/Public/18-447/lab1b/outputs/0205-120820/synth/src/mips_defines.vh
/afs/ece.cmu.edu/usr/anamdev/Public/18-447/lab1b/outputs/0205-120820/synth/src/internal_defines.vh
/afs/ece.cmu.edu/usr/anamdev/Public/18-447/lab1b/outputs/0205-120820/synth/447src/regfile.v
/afs/ece.cmu.edu/usr/anamdev/Public/18-447/lab1b/outputs/0205-120820/synth/src/mips_decode.sv
/afs/ece.cmu.edu/usr/anamdev/Public/18-447/lab1b/outputs/0205-120820/synth/src/mips_core.sv
/afs/ece/class/ece341/setup/Artisan/typical.db
/usr/local/synopsys/synopsys-2007.03-SP5/libraries/syn/gtech.db
/usr/local/synopsys/synopsys-2007.03-SP5/libraries/syn/standard.sldb
/afs/ece.cmu.edu/usr/anamdev/synopsys_cache_Z-2007.03-SP5/DW01/DW01_ash/mx2/4/2/typical_3431/element.db
/afs/ece.cmu.edu/usr/anamdev/synopsys_cache_Z-2007.03-SP5/DW01/DW01_add/rpl/32/typical_3431/element.db
/afs/ece.cmu.edu/usr/anamdev/synopsys_cache_Z-2007.03-SP5/DW01/DW01_sub/rpl/32/typical_3431/element.db
/afs/ece.cmu.edu/usr/anamdev/synopsys_cache_Z-2007.03-SP5/DW01/DW_rash/mx2/32/5/typical_3431/element.db
/afs/ece.cmu.edu/usr/anamdev/synopsys_cache_Z-2007.03-SP5/DW01/DW01_ash/mx2/32/5/typical_3431/element.db
/afs/ece.cmu.edu/usr/anamdev/synopsys_cache_Z-2007.03-SP5/DW01/DW_rash/mx2/32/32/typical_3431/element.db
/afs/ece.cmu.edu/usr/anamdev/synopsys_cache_Z-2007.03-SP5/DW01/DW01_ash/mx2/32/32/typical_3431/element.db
/afs/ece.cmu.edu/usr/anamdev/synopsys_cache_Z-2007.03-SP5/DW01/DW01_cmp6/rpl/32/typical_3431/element.db
