ncelab: 08.20-s015: (c) Copyright 1995-2009 Cadence Design Systems, Inc.
TOOL:	ncelab	08.20-s015: Started on Feb 04, 2016 at 06:41:27 EST
ncelab
    +access+rwc
    -messages
    worklib.testbench

	Elaborating the design hierarchy:
		Caching library 'worklib' ....... Done
   mux2to1 #(5) regDest(wr_regNum, dcd_rt, dcd_rd, regdst); //RegDst
                                |
ncelab: *W,CUVMPW (./src/mips_core.sv,274|32): port sizes differ in port connection.
   mux2to1 #(5)regNumber(wr_reg, wr_regNum, 31, jLink_en); //how to define decimal?
                                         |
ncelab: *W,CUVMPW (./src/mips_core.sv,296|41): port sizes differ in port connection.
   mux2to1 #(5)regNumber(wr_reg, wr_regNum, 31, jLink_en); //how to define decimal?
                                             |
ncelab: *W,CUVMPW (./src/mips_core.sv,296|45): port sizes differ in port connection.
	Building instance overlay tables: ..
       $display ("pcNextFinal:%x,pcNextFinal");
                                            |
ncelab: *E,MISARG (./src/mips_core.sv,149|44): Argument for (%x) missing.
.................. Done
TOOL:	ncelab	08.20-s015: Exiting on Feb 04, 2016 at 06:41:27 EST  (total: 00:00:00)
