ncsim: 08.20-s015: (c) Copyright 1995-2009 Cadence Design Systems, Inc.
ncsim> database -open -shm -default waveforms
Created default SHM database waveforms
ncsim> probe -shm -create -depth all -all 
Created probe 1
ncsim> run 
[End of program at 0x0040008c]
--- 18-447 Register file dump ---
=== Simulation Cycle                 3650 ===
R          0	= 0x00000000	( 0 )
R          1	= 0x00000000	( 0 )
R          2	= 0x0000000a	( 10 )
R          3	= 0x10000004	( 268435460 )
R          4	= 0x00000000	( 0 )
R          5	= 0x0000cafe	( 51966 )
R          6	= 0x0000feca	( 65226 )
R          7	= 0x0000beef	( 48879 )
R          8	= 0x0000efbe	( 61374 )
R          9	= 0x000000fe	( 254 )
R         10	= 0x000000ca	( 202 )
R         11	= 0xffffffef	( 4294967279 )
R         12	= 0xffffffbe	( 4294967230 )
R         13	= 0x0000cafe	( 51966 )
R         14	= 0x0000feca	( 65226 )
R         15	= 0xffffbeef	( 4294950639 )
R         16	= 0xffffefbe	( 4294963134 )
R         17	= 0x000179ea	( 96746 )
R         18	= 0x00000000	( 0 )
R         19	= 0x00000000	( 0 )
R         20	= 0x00000000	( 0 )
R         21	= 0x00000000	( 0 )
R         22	= 0x00000000	( 0 )
R         23	= 0x00000000	( 0 )
R         24	= 0x00000000	( 0 )
R         25	= 0x00000000	( 0 )
R         26	= 0x00000000	( 0 )
R         27	= 0x00000000	( 0 )
R         28	= 0x00000000	( 0 )
R         29	= 0x00000000	( 0 )
R         30	= 0x00000000	( 0 )
R         31	= 0x00000000	( 0 )
--- End register file dump ---
Simulation complete via $finish(1) at time 3650 NS + 4
./src/testbench.v:85 	  $finish;
ncsim> exit 
