ncelab: 08.20-s015: (c) Copyright 1995-2009 Cadence Design Systems, Inc.
TOOL:	ncelab	08.20-s015: Started on Feb 04, 2016 at 03:12:08 EST
ncelab
    +access+rwc
    -messages
    worklib.testbench

	Elaborating the design hierarchy:
		Caching library 'worklib' ....... Done
	Building instance overlay tables: .................... Done
	Generating native compiled code:
		worklib.add_const:module <0x43eb7ce6>
			streams:   1, words:   125
		worklib.adder:module <0x2eb2b050>
			streams:   1, words:   366
		worklib.clock:module <0x6ce21b37>
			streams:   2, words:   699
		worklib.concat:module <0x13586d7f>
			streams:   1, words:   281
		worklib.exception_unit:module <0x4ecc7789>
			streams:   6, words:  5958
		worklib.loader:module <0x49beda8e>
			streams:   1, words:  1512
		worklib.mips_ALU:module <0x17431e3b>
			streams:   1, words:  3237
		worklib.mips_core:module <0x7f177687>
			streams:  38, words:  9084
		worklib.mips_decode:module <0x4719b553>
			streams:   1, words: 17064
		worklib.mips_mem:module <0x4425a300>
			streams:  92, words: 43999
		worklib.mux2to1:module <0x1370b10f>
			streams:   1, words:   347
		worklib.mux2to1:module <0x6d764ce8>
			streams:   1, words:   362
		worklib.mux4to1:module <0x3611bea6>
			streams:   1, words:   753
		worklib.regfile:module <0x26336377>
			streams:   6, words:  6354
		worklib.register:module <0x08c894ef>
			streams:   3, words:   734
		worklib.register:module <0x11ad4c35>
			streams:   3, words:   716
		worklib.register:module <0x3e356bf7>
			streams:   3, words:   716
		worklib.register:module <0x3e82b362>
			streams:   3, words:   714
		worklib.syscall_unit:module <0x7fd85f55>
			streams:   2, words:   743
		worklib.testbench:module <0x14077fa9>
			streams:   8, words:  1861
	Loading native compiled code:     .................... Done
	Building instance specific data structures.
	Design hierarchy summary:
		              Instances  Unique
		Modules:             27      16
		Registers:           53      42
		Scalar wires:        42       -
		Vectored wires:      64       -
		Named events:         2       2
		Always blocks:       24      17
		Initial blocks:       3       3
		Cont. assignments:   40      36
		Pseudo assignments:  20      20
	Writing initial simulation snapshot: worklib.testbench:module
TOOL:	ncelab	08.20-s015: Exiting on Feb 04, 2016 at 03:12:08 EST  (total: 00:00:00)
