ncvlog: 08.20-s015: (c) Copyright 1995-2009 Cadence Design Systems, Inc.
TOOL:	ncvlog	08.20-s015: Started on Feb 04, 2016 at 02:52:35 EST
ncvlog
    -SV
    -linedebug
    -messages
    -incdir src
    src/exception_unit.v
    src/mips_mem.v
    src/regfile.v
    src/syscall_unit.v
    src/testbench.v
    src/mips_core.sv
    src/mips_decode.sv

file: src/exception_unit.v
	module worklib.exception_unit
		errors: 0, warnings: 0
file: src/mips_mem.v
	module worklib.mips_mem
		errors: 0, warnings: 0
file: src/regfile.v
	module worklib.regfile
		errors: 0, warnings: 0
file: src/syscall_unit.v
	module worklib.syscall_unit
		errors: 0, warnings: 0
file: src/testbench.v
	module worklib.testbench
		errors: 0, warnings: 0
	module worklib.clock
		errors: 0, warnings: 0
file: src/mips_core.sv
<<<<<<< HEAD
  |
ncvlog: *E,EXPENM (src/mips_core.sv,267|2): expecting the keyword 'endmodule' [12.1(IEEE)].
	module worklib.mips_core
		errors: 1, warnings: 0
	module worklib.mips_ALU
		errors: 0, warnings: 0
	module worklib.register
		errors: 0, warnings: 0
	module worklib.adder
		errors: 0, warnings: 0
	module worklib.add_const
		errors: 0, warnings: 0
	module worklib.mux2to1
		errors: 0, warnings: 0
	module worklib.mux4to1
		errors: 0, warnings: 0
	module worklib.concat
		errors: 0, warnings: 0
        `LOAD_LUI:
                |
ncvlog: *E,NOTDIR (src/mips_core.sv,470|16): `LOAD_LUI: not a recognized directive or macro [2.7.3][16.3.1][16(IEEE)].
        `LOAD_LUI:
                 |
ncvlog: *E,ILLPRI (src/mips_core.sv,470|17): illegal expression primary [4.2(IEEE)].
          load_data = {dcd_imm, 16'b0};
                    |
ncvlog: *E,CSISYX (src/mips_core.sv,471|20): case item syntax error [9.5(IEEE)].
          load_data = {dcd_imm, 16'b0};
                                 |
ncvlog: *E,NOTLVL (src/mips_core.sv,471|33): illegal lvalue syntax [9.2(IEEE)].
          load_data = {dcd_imm, 16'b0};
                                      |
ncvlog: *E,MISEXX (src/mips_core.sv,471|38): expecting an '=' or '<=' sign in an assignment [9.2(IEEE)].
        `LOAD_LB:
               |
ncvlog: *E,NOTDIR (src/mips_core.sv,472|15): `LOAD_LB: not a recognized directive or macro [2.7.3][16.3.1][16(IEEE)].
        `LOAD_LB:
                |
ncvlog: *E,NOTSTT (src/mips_core.sv,472|16): expecting a statement [9(IEEE)].
        `LOAD_LH:
               |
ncvlog: *E,NOTDIR (src/mips_core.sv,474|15): `LOAD_LH: not a recognized directive or macro [2.7.3][16.3.1][16(IEEE)].
        `LOAD_LH:
                |
ncvlog: *E,NOTSTT (src/mips_core.sv,474|16): expecting a statement [9(IEEE)].
        `LOAD_LW:
               |
ncvlog: *E,NOTDIR (src/mips_core.sv,476|15): `LOAD_LW: not a recognized directive or macro [2.7.3][16.3.1][16(IEEE)].
        `LOAD_LW:
                |
ncvlog: *E,NOTSTT (src/mips_core.sv,476|16): expecting a statement [9(IEEE)].
        `LOAD_LBU:
                |
ncvlog: *E,NOTDIR (src/mips_core.sv,478|16): `LOAD_LBU: not a recognized directive or macro [2.7.3][16.3.1][16(IEEE)].
        `LOAD_LBU:
                 |
ncvlog: *E,NOTSTT (src/mips_core.sv,478|17): expecting a statement [9(IEEE)].
        `LOAD_LHU:
                |
ncvlog: *E,NOTDIR (src/mips_core.sv,480|16): `LOAD_LHU: not a recognized directive or macro [2.7.3][16.3.1][16(IEEE)].
        `LOAD_LHU:
                 |
ncvlog: *E,NOTSTT (src/mips_core.sv,480|17): expecting a statement [9(IEEE)].
        default:
              |
ncvlog: *E,NOTSTT (src/mips_core.sv,482|14): expecting a statement [9(IEEE)].
      endcase
            |
ncvlog: *E,NOTSTT (src/mips_core.sv,484|12): expecting a statement [9(IEEE)].
	module worklib.loader
		errors: 17, warnings: 0
file: src/mips_decode.sv
   ctrl_we, ctrl_Sys, ctrl_RI, alu__sel, regdst, jmp, br, memtoreg, aluop, alusrc1, alusrc2, se, mem_write_en, hi_en,lo_en, load_sel
                                                                                                                                   |
ncvlog: *E,ILLPDL (src/mips_decode.sv,69|131): Mixing of ansi & non-ansi style port declaration is not legal.
   input       [5:0] dcd_op, dcd_funct2;
               |
ncvlog: *E,ILLPDL (src/mips_decode.sv,74|15): Mixing of ansi & non-ansi style port declaration is not legal.
   input       [4:0] dcd_rt;
               |
ncvlog: *E,ILLPDL (src/mips_decode.sv,75|15): Mixing of ansi & non-ansi style port declaration is not legal.
   output reg        ctrl_we, ctrl_Sys, ctrl_RI, regdst, jmp, br, aluop, alusrc1, alusrc2, se, hi_en, lo_en;
            |
ncvlog: *E,ILLPDL (src/mips_decode.sv,76|12): Mixing of ansi & non-ansi style port declaration is not legal.
   output reg  [1:0] memtoreg;
            |
ncvlog: *E,ILLPDL (src/mips_decode.sv,77|12): Mixing of ansi & non-ansi style port declaration is not legal.
   output reg  [3:0] alu__sel, mem_write_en;
            |
ncvlog: *E,ILLPDL (src/mips_decode.sv,78|12): Mixing of ansi & non-ansi style port declaration is not legal.
   output reg  [2:0] load_sel;
            |
ncvlog: *E,ILLPDL (src/mips_decode.sv,79|12): Mixing of ansi & non-ansi style port declaration is not legal.
           load_sel = `LOAD_LUI;
                              |
ncvlog: *E,NOTDIR (src/mips_decode.sv,262|30): `LOAD_LUI: not a recognized directive or macro [2.7.3][16.3.1][16(IEEE)].
           load_sel = `LOAD_LUI;
                               |
ncvlog: *E,ILLPRI (src/mips_decode.sv,262|31): illegal expression primary [4.2(IEEE)].
	module worklib.mips_decode
		errors: 9, warnings: 0
TOOL:	ncvlog	08.20-s015: Exiting on Feb 04, 2016 at 02:52:35 EST  (total: 00:00:00)
