ncsim: 08.20-s015: (c) Copyright 1995-2009 Cadence Design Systems, Inc.
ncsim> database -open -shm -default waveforms
Created default SHM database waveforms
ncsim> probe -shm -create -depth all -all 
Created probe 1
ncsim> run 
=== Simulation Cycle                  150 ===
[pc=00400000, inst=2402000a] [op=09, rs= 0, rt= 2, rd= 0, imm=000a, f2=0a] [reset=0, halted=0]
Store address:          0,          2, Store word:          x, ALUOUT:         10, en:  0
HI: 00000000, LO: 00000000, pcMuxSel: 0, nextpc: 00400004, nextnextpc:00400008
jLink_en:0, wr_reg:  2, wr_data: 0000000a
Address: 00000002, Store: xxxxxxxx, Load:xxxxxxxx, en:0000

=== Simulation Cycle                  250 ===
[pc=00400004, inst=24050001] [op=09, rs= 0, rt= 5, rd= 0, imm=0001, f2=01] [reset=0, halted=0]
Store address:          0,          0, Store word:          x, ALUOUT:          1, en:  0
HI: 00000000, LO: 00000000, pcMuxSel: 0, nextpc: 00400008, nextnextpc:0040000c
jLink_en:0, wr_reg:  5, wr_data: 00000001
Address: 00000000, Store: xxxxxxxx, Load:xxxxxxxx, en:0000

=== Simulation Cycle                  350 ===
[pc=00400008, inst=3c010040] [op=0f, rs= 0, rt= 1, rd= 0, imm=0040, f2=00] [reset=0, halted=0]
Store address:          0,          0, Store word:          x, ALUOUT:          0, en:  0
HI: 00000000, LO: 00000000, pcMuxSel: 0, nextpc: 0040000c, nextnextpc:00400010
jLink_en:0, wr_reg:  1, wr_data: 00400000
Address: 00000000, Store: xxxxxxxx, Load:xxxxxxxx, en:0000

=== Simulation Cycle                  450 ===
[pc=0040000c, inst=3427000c] [op=0d, rs= 1, rt= 7, rd= 0, imm=000c, f2=0c] [reset=0, halted=0]
Store address:          0,    1048579, Store word:          x, ALUOUT:    4194316, en:  0
HI: 00000000, LO: 00000000, pcMuxSel: 0, nextpc: 00400010, nextnextpc:00400014
jLink_en:0, wr_reg:  7, wr_data: 0040000c
Address: 00100003, Store: xxxxxxxx, Load:3427000c, en:0000

[End of program at 0x00400010]
=== Simulation Cycle                  550 ===
[pc=00400010, inst=0000000c] [op=00, rs= 0, rt= 0, rd= 0, imm=000c, f2=0c] [reset=0, halted=0]
Store address:          0,          0, Store word:          x, ALUOUT:          0, en:  0
HI: 00000000, LO: 00000000, pcMuxSel: 0, nextpc: 00400014, nextnextpc:00400018
jLink_en:0, wr_reg:  0, wr_data: 00000000
Address: 00000000, Store: xxxxxxxx, Load:3427000c, en:0000

--- 18-447 Register file dump ---
=== Simulation Cycle                  550 ===
R          0	= 0x00000000	( 0 )
R          1	= 0x00400000	( 4194304 )
R          2	= 0x0000000a	( 10 )
R          3	= 0x00000000	( 0 )
R          4	= 0x00000000	( 0 )
R          5	= 0x00000001	( 1 )
R          6	= 0x00000000	( 0 )
R          7	= 0x0040000c	( 4194316 )
R          8	= 0x00000000	( 0 )
R          9	= 0x00000000	( 0 )
R         10	= 0x00000000	( 0 )
R         11	= 0x00000000	( 0 )
R         12	= 0x00000000	( 0 )
R         13	= 0x00000000	( 0 )
R         14	= 0x00000000	( 0 )
R         15	= 0x00000000	( 0 )
R         16	= 0x00000000	( 0 )
R         17	= 0x00000000	( 0 )
R         18	= 0x00000000	( 0 )
R         19	= 0x00000000	( 0 )
R         20	= 0x00000000	( 0 )
R         21	= 0x00000000	( 0 )
R         22	= 0x00000000	( 0 )
R         23	= 0x00000000	( 0 )
R         24	= 0x00000000	( 0 )
R         25	= 0x00000000	( 0 )
R         26	= 0x00000000	( 0 )
R         27	= 0x00000000	( 0 )
R         28	= 0x00000000	( 0 )
R         29	= 0x00000000	( 0 )
R         30	= 0x00000000	( 0 )
R         31	= 0x00000000	( 0 )
--- End register file dump ---
Simulation complete via $finish(1) at time 550 NS + 4
./src/testbench.v:85 	  $finish;
ncsim> exit 
