ncvlog: 08.20-s015: (c) Copyright 1995-2009 Cadence Design Systems, Inc.
TOOL:	ncvlog	08.20-s015: Started on Apr 06, 2016 at 00:18:08 EDT
ncvlog
    -SV
    -linedebug
    -messages
    -incdir src
    src/exception_unit.v
    src/mips_mem.v
    src/regfile.v
    src/syscall_unit.v
    src/testbench.v
    src/mips_core.sv
    src/mips_decode.sv

file: src/exception_unit.v
	module worklib.exception_unit
		errors: 0, warnings: 0
file: src/mips_mem.v
	module worklib.mips_mem
		errors: 0, warnings: 0
file: src/regfile.v
	module worklib.regfile2_forward
		errors: 0, warnings: 0
	module worklib.btbsram
		errors: 0, warnings: 0
file: src/syscall_unit.v
	module worklib.syscall_unit
		errors: 0, warnings: 0
file: src/testbench.v
	module worklib.testbench
		errors: 0, warnings: 0
	module worklib.clock
		errors: 0, warnings: 0
file: src/mips_core.sv
                     .AdEL_inst(pc[1:0]?1'b1:1'b0),
                                 |
ncvlog: *E,NOPSOS (src/mips_core.sv,741|33): Part-select operator cannot be applied to scalar [4.2.1(IEEE)].
	module worklib.mips_core
		errors: 1, warnings: 0
	module worklib.mips_ALU
		errors: 0, warnings: 0
	module worklib.register
		errors: 0, warnings: 0
	module worklib.register2Input
		errors: 0, warnings: 0
	module worklib.cntlRegister
		errors: 0, warnings: 0
	module worklib.forwardData
		errors: 0, warnings: 0
	module worklib.stallDetector
		errors: 0, warnings: 0
	module worklib.countdownReg
		errors: 0, warnings: 0
	module worklib.adder
		errors: 0, warnings: 0
	module worklib.add_const
		errors: 0, warnings: 0
	module worklib.mux2to1
		errors: 0, warnings: 0
	module worklib.mux4to1
		errors: 0, warnings: 0
	module worklib.pcSelector
		errors: 0, warnings: 0
	module worklib.concat
		errors: 0, warnings: 0
	module worklib.loader
		errors: 0, warnings: 0
      input logic [1:0] store_sel_1, store_sel_1,
                                               |
ncvlog: *E,DUPIDN (src/mips_core.sv,1443|47): identifier 'store_sel_1' previously declared [12.5(IEEE)].
      if (mem_write_en_1 != 4'd0) begin
                       |
ncvlog: *E,UNDIDN (src/mips_core.sv,1452|23): 'mem_write_en_1': undeclared identifier [12.5(IEEE)].
      else if (mem_write_en_2 != 4'd0) begin
                            |
ncvlog: *E,UNDIDN (src/mips_core.sv,1458|28): 'mem_write_en_2': undeclared identifier [12.5(IEEE)].
        store_sel = store_sel_2;
                              |
ncvlog: *E,UNDIDN (src/mips_core.sv,1461|30): 'store_sel_2': undeclared identifier [12.5(IEEE)].
      input logic [1:0] store_sel_1, store_sel_1,
                                               |
ncvlog: *E,NOPORT (src/mips_core.sv,1443|47): input/output/inout 'store_sel_1' not declared in port list [12.3.2(IEEE)].
	module worklib.storer
		errors: 5, warnings: 0
file: src/mips_decode.sv
	module worklib.mips_decode
		errors: 0, warnings: 0
TOOL:	ncvlog	08.20-s015: Exiting on Apr 06, 2016 at 00:18:08 EDT  (total: 00:00:00)
